<?xml version="1.0" encoding="UTF-8"?>
<!-- Generated by org.testng.reporters.JUnitReportReporter -->
<testsuite hostname="LAPTOP-BH9IM1PN" failures="0" tests="4" name="Day1.HTTPRequest" time="9.570" errors="0" timestamp="2023-04-12T15:42:59 IST" skipped="0">
  <testcase classname="Day1.HTTPRequest" name="getUsers" time="7.557"/>
  <system-out/>
  <testcase classname="Day1.HTTPRequest" name="createUser" time="1.117"/>
  <system-out/>
  <testcase classname="Day1.HTTPRequest" name="updateUser" time="0.470"/>
  <system-out/>
  <testcase classname="Day1.HTTPRequest" name="deleteUser" time="0.426"/>
  <system-out/>
</testsuite> <!-- Day1.HTTPRequest -->
