<?xml version="1.0" encoding="UTF-8"?>
<!-- Generated by org.testng.reporters.JUnitReportReporter -->
<testsuite hostname="LAPTOP-BH9IM1PN" failures="0" tests="2" name="kDataShare.fShareDataAmongMethodsWithCommonDataClassWithMap" time="8.569" errors="0" timestamp="2023-07-22T10:53:54 IST" skipped="0">
  <testcase classname="kDataShare.fShareDataAmongMethodsWithCommonDataClassWithMap" name="CreateAndRetriveBooking" time="6.927"/>
  <system-out/>
  <testcase classname="kDataShare.fShareDataAmongMethodsWithCommonDataClassWithMap" name="retrieveBooking" time="1.642"/>
  <system-out/>
</testsuite> <!-- kDataShare.fShareDataAmongMethodsWithCommonDataClassWithMap -->
