<?xml version="1.0" encoding="UTF-8"?>
<!-- Generated by org.testng.reporters.JUnitReportReporter -->
<testsuite hostname="LAPTOP-BH9IM1PN" failures="0" tests="1" name="json.bJsonPathNonExistance" time="1.483" errors="0" timestamp="2023-07-12T09:28:23 IST" skipped="0">
  <testcase classname="json.bJsonPathNonExistance" name="jsonpathdemo1" time="1.483"/>
  <system-out/>
</testsuite> <!-- json.bJsonPathNonExistance -->
