<?xml version="1.0" encoding="UTF-8"?>
<!-- Generated by org.testng.reporters.JUnitReportReporter -->
<testsuite hostname="LAPTOP-BH9IM1PN" failures="0" tests="2" name="OtherConceptsOfRestAssured.DefaultValue1" time="3.740" errors="0" timestamp="2023-07-09T11:01:49 IST" skipped="0">
  <testcase classname="OtherConceptsOfRestAssured.DefaultValue1" name="createBooking1" time="2.558"/>
  <system-out/>
  <testcase classname="OtherConceptsOfRestAssured.DefaultValue1" name="createBooking2" time="1.182"/>
  <system-out/>
</testsuite> <!-- OtherConceptsOfRestAssured.DefaultValue1 -->
