<?xml version="1.0" encoding="UTF-8"?>
<!-- Generated by org.testng.reporters.JUnitReportReporter -->
<testsuite hostname="LAPTOP-BH9IM1PN" failures="0" tests="1" name="json.dJsonPathforNestedJsonObject" time="3.451" errors="0" timestamp="2023-07-12T10:00:40 IST" skipped="0">
  <testcase classname="json.dJsonPathforNestedJsonObject" name="jsonpathdemo1" time="3.451"/>
  <system-out/>
</testsuite> <!-- json.dJsonPathforNestedJsonObject -->
