<?xml version="1.0" encoding="UTF-8"?>
<!-- Generated by org.testng.reporters.JUnitReportReporter -->
<testsuite hostname="LAPTOP-BH9IM1PN" failures="0" tests="2" name="kDataShare.iTestModuleOne" time="15.579" errors="0" timestamp="2023-07-22T16:39:35 IST" skipped="0">
  <testcase classname="kDataShare.iTestModuleOne" name="CreateAndRetriveBooking" time="4.336"/>
  <system-out/>
  <testcase classname="kDataShare.iTestModuleOne" name="retrieveBooking" time="11.243"/>
  <system-out/>
</testsuite> <!-- kDataShare.iTestModuleOne -->
