<?xml version="1.0" encoding="UTF-8"?>
<!-- Generated by org.testng.reporters.JUnitReportReporter -->
<testsuite hostname="LAPTOP-BH9IM1PN" failures="0" tests="1" name="kDataShare.pGetBookingDetailsUsingITestContext" time="1.608" errors="0" timestamp="2023-07-23T17:51:11 IST" skipped="0">
  <testcase classname="kDataShare.pGetBookingDetailsUsingITestContext" name="getBooking" time="1.608"/>
  <system-out/>
</testsuite> <!-- kDataShare.pGetBookingDetailsUsingITestContext -->
