<?xml version="1.0" encoding="UTF-8"?>
<!-- Generated by org.testng.reporters.JUnitReportReporter -->
<testsuite hostname="LAPTOP-BH9IM1PN" failures="0" tests="2" name="kDataShare.nTestModuleTwoWithThreadLocalDataMap" time="12.391" errors="0" timestamp="2023-07-23T15:24:27 IST" skipped="0">
  <testcase classname="kDataShare.nTestModuleTwoWithThreadLocalDataMap" name="CreateAndRetriveBooking" time="1.187"/>
  <system-out/>
  <testcase classname="kDataShare.nTestModuleTwoWithThreadLocalDataMap" name="retrieveBooking" time="11.204"/>
  <system-out/>
</testsuite> <!-- kDataShare.nTestModuleTwoWithThreadLocalDataMap -->
