<?xml version="1.0" encoding="UTF-8"?>
<!-- Generated by org.testng.reporters.JUnitReportReporter -->
<testsuite hostname="LAPTOP-BH9IM1PN" failures="0" tests="1" name="kDataShare.rCreateBookingUsingITestContextbygetsuite" time="5.644" errors="0" timestamp="2023-07-23T18:11:00 IST" skipped="0">
  <testcase classname="kDataShare.rCreateBookingUsingITestContextbygetsuite" name="CreateBooking" time="5.644"/>
  <system-out/>
</testsuite> <!-- kDataShare.rCreateBookingUsingITestContextbygetsuite -->
