<?xml version="1.0" encoding="UTF-8"?>
<!-- Generated by org.testng.reporters.JUnitReportReporter -->
<testsuite hostname="LAPTOP-BH9IM1PN" failures="0" tests="1" name="kDataShare.oCreateBookingUsingITestContext" time="6.979" errors="0" timestamp="2023-07-23T17:51:11 IST" skipped="0">
  <testcase classname="kDataShare.oCreateBookingUsingITestContext" name="CreateBooking" time="6.979"/>
  <system-out/>
</testsuite> <!-- kDataShare.oCreateBookingUsingITestContext -->
