<?xml version="1.0" encoding="UTF-8"?>
<!-- Generated by org.testng.reporters.JUnitReportReporter -->
<testsuite hostname="LAPTOP-BH9IM1PN" failures="0" tests="2" name="kDataShare.jTestModuleTwo" time="12.376" errors="0" timestamp="2023-07-22T16:39:35 IST" skipped="0">
  <testcase classname="kDataShare.jTestModuleTwo" name="CreateAndRetriveBooking" time="1.131"/>
  <system-out/>
  <testcase classname="kDataShare.jTestModuleTwo" name="retrieveBooking" time="11.245"/>
  <system-out/>
</testsuite> <!-- kDataShare.jTestModuleTwo -->
