<?xml version="1.0" encoding="UTF-8"?>
<!-- Generated by org.testng.reporters.JUnitReportReporter -->
<testsuite hostname="LAPTOP-BH9IM1PN" failures="0" tests="1" name="kDataShare.aShareData" time="9.344" errors="0" timestamp="2023-07-21T17:08:07 IST" skipped="0">
  <testcase classname="kDataShare.aShareData" name="CreateAndRetriveBooking" time="9.344"/>
  <system-out/>
</testsuite> <!-- kDataShare.aShareData -->
