<?xml version="1.0" encoding="UTF-8"?>
<!-- Generated by org.testng.reporters.JUnitReportReporter -->
<testsuite hostname="LAPTOP-BH9IM1PN" failures="0" tests="2" name="kDataShare.hShareDataAmongMethodsWithCommonDataClassWithInterface" time="8.053" errors="0" timestamp="2023-07-22T11:35:52 IST" skipped="0">
  <testcase classname="kDataShare.hShareDataAmongMethodsWithCommonDataClassWithInterface" name="CreateAndRetriveBooking" time="6.450"/>
  <system-out/>
  <testcase classname="kDataShare.hShareDataAmongMethodsWithCommonDataClassWithInterface" name="retrieveBooking" time="1.603"/>
  <system-out/>
</testsuite> <!-- kDataShare.hShareDataAmongMethodsWithCommonDataClassWithInterface -->
