<?xml version="1.0" encoding="UTF-8"?>
<!-- Generated by org.testng.reporters.JUnitReportReporter -->
<testsuite hostname="LAPTOP-BH9IM1PN" failures="0" tests="1" name="kDataShare.sGetBookingDetailsUsingITestContext2bygetsuite" time="1.314" errors="0" timestamp="2023-07-23T18:11:00 IST" skipped="0">
  <testcase classname="kDataShare.sGetBookingDetailsUsingITestContext2bygetsuite" name="getBooking" time="1.314"/>
  <system-out/>
</testsuite> <!-- kDataShare.sGetBookingDetailsUsingITestContext2bygetsuite -->
