<?xml version="1.0" encoding="UTF-8"?>
<!-- Generated by org.testng.reporters.JUnitReportReporter -->
<testsuite hostname="LAPTOP-BH9IM1PN" failures="0" tests="2" name="kDataShare.bShareDataAmongMethods" time="10.163" errors="0" timestamp="2023-07-22T09:24:33 IST" skipped="0">
  <testcase classname="kDataShare.bShareDataAmongMethods" name="CreateAndRetriveBooking" time="8.818"/>
  <system-out/>
  <testcase classname="kDataShare.bShareDataAmongMethods" name="retrieveBooking" time="1.345"/>
  <system-out/>
</testsuite> <!-- kDataShare.bShareDataAmongMethods -->
