<?xml version="1.0" encoding="UTF-8"?>
<!-- Generated by org.testng.reporters.JUnitReportReporter -->
<testsuite hostname="LAPTOP-BH9IM1PN" failures="0" tests="2" name="RestfulCreatBookings.MultipleBooking" time="6.079" errors="0" timestamp="2023-07-07T18:03:50 IST" skipped="0">
  <testcase classname="RestfulCreatBookings.MultipleBooking" name="updateBooking" time="2.298"/>
  <system-out/>
  <testcase classname="RestfulCreatBookings.MultipleBooking" name="createBooking1" time="3.781"/>
  <system-out/>
</testsuite> <!-- RestfulCreatBookings.MultipleBooking -->
