<?xml version="1.0" encoding="UTF-8"?>
<!-- Generated by org.testng.reporters.JUnitReportReporter -->
<testsuite hostname="LAPTOP-BH9IM1PN" failures="0" tests="1" name="OtherConceptsOfRestAssured.DefaultValue2" time="3.091" errors="0" timestamp="2023-07-09T10:34:38 IST" skipped="0">
  <testcase classname="OtherConceptsOfRestAssured.DefaultValue2" name="createBooking1" time="3.091"/>
  <system-out/>
</testsuite> <!-- OtherConceptsOfRestAssured.DefaultValue2 -->
