<?xml version="1.0" encoding="UTF-8"?>
<!-- Generated by org.testng.reporters.JUnitReportReporter -->
<testsuite hostname="LAPTOP-BH9IM1PN" failures="0" tests="2" name="kDataShare.dShareDataAmongMethodsWithDatastoreMethod" time="9.555" errors="0" timestamp="2023-07-22T09:42:30 IST" skipped="0">
  <testcase classname="kDataShare.dShareDataAmongMethodsWithDatastoreMethod" name="CreateAndRetriveBooking" time="8.030"/>
  <system-out/>
  <testcase classname="kDataShare.dShareDataAmongMethodsWithDatastoreMethod" name="retrieveBooking" time="1.525"/>
  <system-out/>
</testsuite> <!-- kDataShare.dShareDataAmongMethodsWithDatastoreMethod -->
