<?xml version="1.0" encoding="UTF-8"?>
<!-- Generated by org.testng.reporters.JUnitReportReporter -->
<testsuite hostname="LAPTOP-BH9IM1PN" failures="0" tests="1" name="json.cJsonPathforSimpleJsonObject" time="3.652" errors="0" timestamp="2023-07-12T09:47:01 IST" skipped="0">
  <testcase classname="json.cJsonPathforSimpleJsonObject" name="jsonpathdemo1" time="3.652"/>
  <system-out/>
</testsuite> <!-- json.cJsonPathforSimpleJsonObject -->
