<?xml version="1.0" encoding="UTF-8"?>
<!-- Generated by org.testng.reporters.JUnitReportReporter -->
<testsuite hostname="LAPTOP-BH9IM1PN" failures="0" tests="2" name="kDataShare.mTestModuleOneWithThreadLocalDataMap" time="16.724" errors="0" timestamp="2023-07-23T15:24:27 IST" skipped="0">
  <testcase classname="kDataShare.mTestModuleOneWithThreadLocalDataMap" name="CreateAndRetriveBooking" time="5.544"/>
  <system-out/>
  <testcase classname="kDataShare.mTestModuleOneWithThreadLocalDataMap" name="retrieveBooking" time="11.180"/>
  <system-out/>
</testsuite> <!-- kDataShare.mTestModuleOneWithThreadLocalDataMap -->
