<?xml version="1.0" encoding="UTF-8"?>
<!-- Generated by org.testng.reporters.JUnitReportReporter -->
<testsuite hostname="LAPTOP-BH9IM1PN" failures="0" tests="2" name="RestfulCreatBookings.MultipleBookingWithRequestSpec" time="8.150" errors="0" timestamp="2023-07-07T18:03:33 IST" skipped="0">
  <testcase classname="RestfulCreatBookings.MultipleBookingWithRequestSpec" name="updateBooking" time="1.717"/>
  <system-out/>
  <testcase classname="RestfulCreatBookings.MultipleBookingWithRequestSpec" name="createBooking1" time="6.433"/>
  <system-out/>
</testsuite> <!-- RestfulCreatBookings.MultipleBookingWithRequestSpec -->
